Determining if the pthread_create exist failed with the following output:
Change Dir: /home/yqz/HCU-311-V1.0.0/simulator/sailing_robot_master/build/CMakeFiles/CMakeTmp

Run Build Command:"/usr/bin/make" "cmTC_1dab4/fast"
/usr/bin/make -f CMakeFiles/cmTC_1dab4.dir/build.make CMakeFiles/cmTC_1dab4.dir/build
make[1]: Entering directory '/home/yqz/HCU-311-V1.0.0/simulator/sailing_robot_master/build/CMakeFiles/CMakeTmp'
Building C object CMakeFiles/cmTC_1dab4.dir/CheckSymbolExists.c.o
/usr/bin/cc     -o CMakeFiles/cmTC_1dab4.dir/CheckSymbolExists.c.o   -c /home/yqz/HCU-311-V1.0.0/simulator/sailing_robot_master/build/CMakeFiles/CMakeTmp/CheckSymbolExists.c
Linking C executable cmTC_1dab4
/usr/bin/cmake -E cmake_link_script CMakeFiles/cmTC_1dab4.dir/link.txt --verbose=1
/usr/bin/cc       CMakeFiles/cmTC_1dab4.dir/CheckSymbolExists.c.o  -o cmTC_1dab4 -rdynamic 
CMakeFiles/cmTC_1dab4.dir/CheckSymbolExists.c.o：在函数‘main’中：
CheckSymbolExists.c:(.text+0x16)：对‘pthread_create’未定义的引用
collect2: error: ld returned 1 exit status
CMakeFiles/cmTC_1dab4.dir/build.make:97: recipe for target 'cmTC_1dab4' failed
make[1]: *** [cmTC_1dab4] Error 1
make[1]: Leaving directory '/home/yqz/HCU-311-V1.0.0/simulator/sailing_robot_master/build/CMakeFiles/CMakeTmp'
Makefile:126: recipe for target 'cmTC_1dab4/fast' failed
make: *** [cmTC_1dab4/fast] Error 2

File /home/yqz/HCU-311-V1.0.0/simulator/sailing_robot_master/build/CMakeFiles/CMakeTmp/CheckSymbolExists.c:
/* */
#include <pthread.h>

int main(int argc, char** argv)
{
  (void)argv;
#ifndef pthread_create
  return ((int*)(&pthread_create))[argc];
#else
  (void)argc;
  return 0;
#endif
}

Determining if the function pthread_create exists in the pthreads failed with the following output:
Change Dir: /home/yqz/HCU-311-V1.0.0/simulator/sailing_robot_master/build/CMakeFiles/CMakeTmp

Run Build Command:"/usr/bin/make" "cmTC_85fce/fast"
/usr/bin/make -f CMakeFiles/cmTC_85fce.dir/build.make CMakeFiles/cmTC_85fce.dir/build
make[1]: Entering directory '/home/yqz/HCU-311-V1.0.0/simulator/sailing_robot_master/build/CMakeFiles/CMakeTmp'
Building C object CMakeFiles/cmTC_85fce.dir/CheckFunctionExists.c.o
/usr/bin/cc    -DCHECK_FUNCTION_EXISTS=pthread_create   -o CMakeFiles/cmTC_85fce.dir/CheckFunctionExists.c.o   -c /usr/share/cmake-3.5/Modules/CheckFunctionExists.c
Linking C executable cmTC_85fce
/usr/bin/cmake -E cmake_link_script CMakeFiles/cmTC_85fce.dir/link.txt --verbose=1
/usr/bin/cc   -DCHECK_FUNCTION_EXISTS=pthread_create    CMakeFiles/cmTC_85fce.dir/CheckFunctionExists.c.o  -o cmTC_85fce -rdynamic -lpthreads 
/usr/bin/ld: 找不到 -lpthreads
collect2: error: ld returned 1 exit status
CMakeFiles/cmTC_85fce.dir/build.make:97: recipe for target 'cmTC_85fce' failed
make[1]: *** [cmTC_85fce] Error 1
make[1]: Leaving directory '/home/yqz/HCU-311-V1.0.0/simulator/sailing_robot_master/build/CMakeFiles/CMakeTmp'
Makefile:126: recipe for target 'cmTC_85fce/fast' failed
make: *** [cmTC_85fce/fast] Error 2


