Determining if the pthread_create exist failed with the following output:
Change Dir: /root/HCU-311/sailing_robot_control/build/CMakeFiles/CMakeTmp

Run Build Command:"/usr/bin/make" "cmTC_b7542/fast"
/usr/bin/make -f CMakeFiles/cmTC_b7542.dir/build.make CMakeFiles/cmTC_b7542.dir/build
make[1]: Entering directory '/root/HCU-311/sailing_robot_control/build/CMakeFiles/CMakeTmp'
Building C object CMakeFiles/cmTC_b7542.dir/CheckSymbolExists.c.o
/usr/bin/cc     -o CMakeFiles/cmTC_b7542.dir/CheckSymbolExists.c.o   -c /root/HCU-311/sailing_robot_control/build/CMakeFiles/CMakeTmp/CheckSymbolExists.c
Linking C executable cmTC_b7542
/usr/bin/cmake -E cmake_link_script CMakeFiles/cmTC_b7542.dir/link.txt --verbose=1
/usr/bin/cc       CMakeFiles/cmTC_b7542.dir/CheckSymbolExists.c.o  -o cmTC_b7542 -rdynamic 
CMakeFiles/cmTC_b7542.dir/CheckSymbolExists.c.o: In function `main':
CheckSymbolExists.c:(.text+0xe): undefined reference to `pthread_create'
CheckSymbolExists.c:(.text+0x12): undefined reference to `pthread_create'
collect2: error: ld returned 1 exit status
CMakeFiles/cmTC_b7542.dir/build.make:97: recipe for target 'cmTC_b7542' failed
make[1]: *** [cmTC_b7542] Error 1
make[1]: Leaving directory '/root/HCU-311/sailing_robot_control/build/CMakeFiles/CMakeTmp'
Makefile:126: recipe for target 'cmTC_b7542/fast' failed
make: *** [cmTC_b7542/fast] Error 2

File /root/HCU-311/sailing_robot_control/build/CMakeFiles/CMakeTmp/CheckSymbolExists.c:
/* */
#include <pthread.h>

int main(int argc, char** argv)
{
  (void)argv;
#ifndef pthread_create
  return ((int*)(&pthread_create))[argc];
#else
  (void)argc;
  return 0;
#endif
}

Determining if the function pthread_create exists in the pthreads failed with the following output:
Change Dir: /root/HCU-311/sailing_robot_control/build/CMakeFiles/CMakeTmp

Run Build Command:"/usr/bin/make" "cmTC_9af05/fast"
/usr/bin/make -f CMakeFiles/cmTC_9af05.dir/build.make CMakeFiles/cmTC_9af05.dir/build
make[1]: Entering directory '/root/HCU-311/sailing_robot_control/build/CMakeFiles/CMakeTmp'
Building C object CMakeFiles/cmTC_9af05.dir/CheckFunctionExists.c.o
/usr/bin/cc    -DCHECK_FUNCTION_EXISTS=pthread_create   -o CMakeFiles/cmTC_9af05.dir/CheckFunctionExists.c.o   -c /usr/share/cmake-3.5/Modules/CheckFunctionExists.c
Linking C executable cmTC_9af05
/usr/bin/cmake -E cmake_link_script CMakeFiles/cmTC_9af05.dir/link.txt --verbose=1
/usr/bin/cc   -DCHECK_FUNCTION_EXISTS=pthread_create    CMakeFiles/cmTC_9af05.dir/CheckFunctionExists.c.o  -o cmTC_9af05 -rdynamic -lpthreads 
/usr/bin/ld: cannot find -lpthreads
collect2: error: ld returned 1 exit status
CMakeFiles/cmTC_9af05.dir/build.make:97: recipe for target 'cmTC_9af05' failed
make[1]: *** [cmTC_9af05] Error 1
make[1]: Leaving directory '/root/HCU-311/sailing_robot_control/build/CMakeFiles/CMakeTmp'
Makefile:126: recipe for target 'cmTC_9af05/fast' failed
make: *** [cmTC_9af05/fast] Error 2


